Determining if the pthread_create exist failed with the following output:
Change Dir: /home/carmelo00/robot/build/CMakeFiles/CMakeTmp

Run Build Command:"/usr/bin/make" "cmTC_a42fc/fast"
/usr/bin/make -f CMakeFiles/cmTC_a42fc.dir/build.make CMakeFiles/cmTC_a42fc.dir/build
make[1]: se entra en el directorio '/home/carmelo00/robot/build/CMakeFiles/CMakeTmp'
Building C object CMakeFiles/cmTC_a42fc.dir/CheckSymbolExists.c.o
/usr/bin/cc     -o CMakeFiles/cmTC_a42fc.dir/CheckSymbolExists.c.o   -c /home/carmelo00/robot/build/CMakeFiles/CMakeTmp/CheckSymbolExists.c
Linking C executable cmTC_a42fc
/usr/bin/cmake -E cmake_link_script CMakeFiles/cmTC_a42fc.dir/link.txt --verbose=1
/usr/bin/cc       CMakeFiles/cmTC_a42fc.dir/CheckSymbolExists.c.o  -o cmTC_a42fc -rdynamic 
CMakeFiles/cmTC_a42fc.dir/CheckSymbolExists.c.o: En la función `main':
CheckSymbolExists.c:(.text+0xa): referencia a `pthread_create' sin definir
collect2: error: ld returned 1 exit status
CMakeFiles/cmTC_a42fc.dir/build.make:97: fallo en las instrucciones para el objetivo 'cmTC_a42fc'
make[1]: *** [cmTC_a42fc] Error 1
make[1]: se sale del directorio '/home/carmelo00/robot/build/CMakeFiles/CMakeTmp'
Makefile:126: fallo en las instrucciones para el objetivo 'cmTC_a42fc/fast'
make: *** [cmTC_a42fc/fast] Error 2

File /home/carmelo00/robot/build/CMakeFiles/CMakeTmp/CheckSymbolExists.c:
/* */
#include <pthread.h>

int main(int argc, char** argv)
{
  (void)argv;
#ifndef pthread_create
  return ((int*)(&pthread_create))[argc];
#else
  (void)argc;
  return 0;
#endif
}

Determining if the function pthread_create exists in the pthreads failed with the following output:
Change Dir: /home/carmelo00/robot/build/CMakeFiles/CMakeTmp

Run Build Command:"/usr/bin/make" "cmTC_036b4/fast"
/usr/bin/make -f CMakeFiles/cmTC_036b4.dir/build.make CMakeFiles/cmTC_036b4.dir/build
make[1]: se entra en el directorio '/home/carmelo00/robot/build/CMakeFiles/CMakeTmp'
Building C object CMakeFiles/cmTC_036b4.dir/CheckFunctionExists.c.o
/usr/bin/cc    -DCHECK_FUNCTION_EXISTS=pthread_create   -o CMakeFiles/cmTC_036b4.dir/CheckFunctionExists.c.o   -c /usr/share/cmake-3.5/Modules/CheckFunctionExists.c
Linking C executable cmTC_036b4
/usr/bin/cmake -E cmake_link_script CMakeFiles/cmTC_036b4.dir/link.txt --verbose=1
/usr/bin/cc   -DCHECK_FUNCTION_EXISTS=pthread_create    CMakeFiles/cmTC_036b4.dir/CheckFunctionExists.c.o  -o cmTC_036b4 -rdynamic -lpthreads 
/usr/bin/ld: no se puede encontrar -lpthreads
collect2: error: ld returned 1 exit status
CMakeFiles/cmTC_036b4.dir/build.make:97: fallo en las instrucciones para el objetivo 'cmTC_036b4'
make[1]: *** [cmTC_036b4] Error 1
make[1]: se sale del directorio '/home/carmelo00/robot/build/CMakeFiles/CMakeTmp'
Makefile:126: fallo en las instrucciones para el objetivo 'cmTC_036b4/fast'
make: *** [cmTC_036b4/fast] Error 2


